<?xml version="1.0" encoding="UTF-8"?>
<testsuite xmlns:xsi="http://www.w3.org/2001/XMLSchema-instance" xsi:noNamespaceSchemaLocation="https://maven.apache.org/surefire/maven-surefire-plugin/xsd/surefire-test-report.xsd" name="tdm.accumulo.AppTest" time="0.06" tests="1" errors="0" skipped="0" failures="0">
  <properties>
    <property name="sun.desktop" value="gnome"/>
    <property name="awt.toolkit" value="sun.awt.X11.XToolkit"/>
    <property name="java.specification.version" value="11"/>
    <property name="sun.cpu.isalist" value=""/>
    <property name="sun.jnu.encoding" value="UTF-8"/>
    <property name="java.class.path" value="/home/tiziano/Developments/Java/tdm_accumulo/target/test-classes:/home/tiziano/Developments/Java/tdm_accumulo/target/classes:/home/tiziano/.m2/repository/junit/junit/4.11/junit-4.11.jar:/home/tiziano/.m2/repository/org/hamcrest/hamcrest-core/1.3/hamcrest-core-1.3.jar:/home/tiziano/.m2/repository/org/apache/accumulo/accumulo-core/2.1.0/accumulo-core-2.1.0.jar:/home/tiziano/.m2/repository/com/beust/jcommander/1.82/jcommander-1.82.jar:/home/tiziano/.m2/repository/com/github/ben-manes/caffeine/caffeine/3.1.1/caffeine-3.1.1.jar:/home/tiziano/.m2/repository/org/checkerframework/checker-qual/3.22.0/checker-qual-3.22.0.jar:/home/tiziano/.m2/repository/com/google/errorprone/error_prone_annotations/2.14.0/error_prone_annotations-2.14.0.jar:/home/tiziano/.m2/repository/com/google/code/gson/gson/2.9.1/gson-2.9.1.jar:/home/tiziano/.m2/repository/com/google/guava/guava/31.1-jre/guava-31.1-jre.jar:/home/tiziano/.m2/repository/com/google/guava/failureaccess/1.0.1/failureaccess-1.0.1.jar:/home/tiziano/.m2/repository/com/google/code/findbugs/jsr305/3.0.2/jsr305-3.0.2.jar:/home/tiziano/.m2/repository/com/google/j2objc/j2objc-annotations/1.3/j2objc-annotations-1.3.jar:/home/tiziano/.m2/repository/com/google/protobuf/protobuf-java/3.21.7/protobuf-java-3.21.7.jar:/home/tiziano/.m2/repository/commons-io/commons-io/2.11.0/commons-io-2.11.0.jar:/home/tiziano/.m2/repository/commons-logging/commons-logging/1.2/commons-logging-1.2.jar:/home/tiziano/.m2/repository/io/micrometer/micrometer-core/1.9.5/micrometer-core-1.9.5.jar:/home/tiziano/.m2/repository/org/hdrhistogram/HdrHistogram/2.1.12/HdrHistogram-2.1.12.jar:/home/tiziano/.m2/repository/org/latencyutils/LatencyUtils/2.0.3/LatencyUtils-2.0.3.jar:/home/tiziano/.m2/repository/io/opentelemetry/opentelemetry-api/1.19.0/opentelemetry-api-1.19.0.jar:/home/tiziano/.m2/repository/io/opentelemetry/opentelemetry-context/1.19.0/opentelemetry-context-1.19.0.jar:/home/tiziano/.m2/repository/io/opentelemetry/opentelemetry-semconv/1.19.0-alpha/opentelemetry-semconv-1.19.0-alpha.jar:/home/tiziano/.m2/repository/org/apache/accumulo/accumulo-start/2.1.0/accumulo-start-2.1.0.jar:/home/tiziano/.m2/repository/org/apache/commons/commons-vfs2/2.9.0/commons-vfs2-2.9.0.jar:/home/tiziano/.m2/repository/org/apache/commons/commons-collections4/4.4/commons-collections4-4.4.jar:/home/tiziano/.m2/repository/org/apache/commons/commons-configuration2/2.8.0/commons-configuration2-2.8.0.jar:/home/tiziano/.m2/repository/org/apache/commons/commons-lang3/3.12.0/commons-lang3-3.12.0.jar:/home/tiziano/.m2/repository/org/apache/commons/commons-math3/3.6.1/commons-math3-3.6.1.jar:/home/tiziano/.m2/repository/org/apache/datasketches/datasketches-java/3.3.0/datasketches-java-3.3.0.jar:/home/tiziano/.m2/repository/org/apache/datasketches/datasketches-memory/2.1.0/datasketches-memory-2.1.0.jar:/home/tiziano/.m2/repository/org/apache/hadoop/hadoop-client-api/3.3.4/hadoop-client-api-3.3.4.jar:/home/tiziano/.m2/repository/org/xerial/snappy/snappy-java/1.1.8.2/snappy-java-1.1.8.2.jar:/home/tiziano/.m2/repository/org/apache/logging/log4j/log4j-1.2-api/2.19.0/log4j-1.2-api-2.19.0.jar:/home/tiziano/.m2/repository/org/apache/logging/log4j/log4j-api/2.19.0/log4j-api-2.19.0.jar:/home/tiziano/.m2/repository/org/apache/thrift/libthrift/0.17.0/libthrift-0.17.0.jar:/home/tiziano/.m2/repository/org/apache/zookeeper/zookeeper/3.8.0/zookeeper-3.8.0.jar:/home/tiziano/.m2/repository/org/apache/yetus/audience-annotations/0.12.0/audience-annotations-0.12.0.jar:/home/tiziano/.m2/repository/io/netty/netty-handler/4.1.73.Final/netty-handler-4.1.73.Final.jar:/home/tiziano/.m2/repository/io/netty/netty-common/4.1.73.Final/netty-common-4.1.73.Final.jar:/home/tiziano/.m2/repository/io/netty/netty-resolver/4.1.73.Final/netty-resolver-4.1.73.Final.jar:/home/tiziano/.m2/repository/io/netty/netty-buffer/4.1.73.Final/netty-buffer-4.1.73.Final.jar:/home/tiziano/.m2/repository/io/netty/netty-transport/4.1.73.Final/netty-transport-4.1.73.Final.jar:/home/tiziano/.m2/repository/io/netty/netty-codec/4.1.73.Final/netty-codec-4.1.73.Final.jar:/home/tiziano/.m2/repository/io/netty/netty-tcnative/2.0.48.Final/netty-tcnative-2.0.48.Final.jar:/home/tiziano/.m2/repository/io/netty/netty-tcnative-classes/2.0.48.Final/netty-tcnative-classes-2.0.48.Final.jar:/home/tiziano/.m2/repository/io/netty/netty-transport-native-epoll/4.1.73.Final/netty-transport-native-epoll-4.1.73.Final.jar:/home/tiziano/.m2/repository/io/netty/netty-transport-native-unix-common/4.1.73.Final/netty-transport-native-unix-common-4.1.73.Final.jar:/home/tiziano/.m2/repository/io/netty/netty-transport-classes-epoll/4.1.73.Final/netty-transport-classes-epoll-4.1.73.Final.jar:/home/tiziano/.m2/repository/ch/qos/logback/logback-core/1.2.10/logback-core-1.2.10.jar:/home/tiziano/.m2/repository/ch/qos/logback/logback-classic/1.2.10/logback-classic-1.2.10.jar:/home/tiziano/.m2/repository/org/apache/zookeeper/zookeeper-jute/3.8.0/zookeeper-jute-3.8.0.jar:/home/tiziano/.m2/repository/org/slf4j/slf4j-api/2.0.3/slf4j-api-2.0.3.jar:/home/tiziano/.m2/repository/org/yaml/snakeyaml/1.33/snakeyaml-1.33.jar:/home/tiziano/.m2/repository/org/apache/hadoop/hadoop-client-runtime/3.3.4/hadoop-client-runtime-3.3.4.jar:/home/tiziano/.m2/repository/com/opencsv/opencsv/5.7.1/opencsv-5.7.1.jar:/home/tiziano/.m2/repository/org/apache/commons/commons-text/1.10.0/commons-text-1.10.0.jar:/home/tiziano/.m2/repository/commons-beanutils/commons-beanutils/1.9.4/commons-beanutils-1.9.4.jar:/home/tiziano/.m2/repository/commons-collections/commons-collections/3.2.2/commons-collections-3.2.2.jar:/home/tiziano/.m2/repository/org/projectlombok/lombok/1.18.24/lombok-1.18.24.jar:"/>
    <property name="java.vm.vendor" value="Oracle Corporation"/>
    <property name="sun.arch.data.model" value="64"/>
    <property name="java.vendor.url" value="https://openjdk.java.net/"/>
    <property name="user.timezone" value=""/>
    <property name="java.vm.specification.version" value="11"/>
    <property name="os.name" value="Linux"/>
    <property name="sun.java.launcher" value="SUN_STANDARD"/>
    <property name="user.country" value="US"/>
    <property name="sun.boot.library.path" value="/home/tiziano/Environments/jdk-11.0.16.1/lib"/>
    <property name="sun.java.command" value="/home/tiziano/Developments/Java/tdm_accumulo/target/surefire/surefirebooter1671283110800967898.jar /home/tiziano/Developments/Java/tdm_accumulo/target/surefire 2023-01-15T11-46-48_267-jvmRun1 surefire15981273701856960957tmp surefire_01179937672734667058tmp"/>
    <property name="jdk.debug" value="release"/>
    <property name="surefire.test.class.path" value="/home/tiziano/Developments/Java/tdm_accumulo/target/test-classes:/home/tiziano/Developments/Java/tdm_accumulo/target/classes:/home/tiziano/.m2/repository/junit/junit/4.11/junit-4.11.jar:/home/tiziano/.m2/repository/org/hamcrest/hamcrest-core/1.3/hamcrest-core-1.3.jar:/home/tiziano/.m2/repository/org/apache/accumulo/accumulo-core/2.1.0/accumulo-core-2.1.0.jar:/home/tiziano/.m2/repository/com/beust/jcommander/1.82/jcommander-1.82.jar:/home/tiziano/.m2/repository/com/github/ben-manes/caffeine/caffeine/3.1.1/caffeine-3.1.1.jar:/home/tiziano/.m2/repository/org/checkerframework/checker-qual/3.22.0/checker-qual-3.22.0.jar:/home/tiziano/.m2/repository/com/google/errorprone/error_prone_annotations/2.14.0/error_prone_annotations-2.14.0.jar:/home/tiziano/.m2/repository/com/google/code/gson/gson/2.9.1/gson-2.9.1.jar:/home/tiziano/.m2/repository/com/google/guava/guava/31.1-jre/guava-31.1-jre.jar:/home/tiziano/.m2/repository/com/google/guava/failureaccess/1.0.1/failureaccess-1.0.1.jar:/home/tiziano/.m2/repository/com/google/code/findbugs/jsr305/3.0.2/jsr305-3.0.2.jar:/home/tiziano/.m2/repository/com/google/j2objc/j2objc-annotations/1.3/j2objc-annotations-1.3.jar:/home/tiziano/.m2/repository/com/google/protobuf/protobuf-java/3.21.7/protobuf-java-3.21.7.jar:/home/tiziano/.m2/repository/commons-io/commons-io/2.11.0/commons-io-2.11.0.jar:/home/tiziano/.m2/repository/commons-logging/commons-logging/1.2/commons-logging-1.2.jar:/home/tiziano/.m2/repository/io/micrometer/micrometer-core/1.9.5/micrometer-core-1.9.5.jar:/home/tiziano/.m2/repository/org/hdrhistogram/HdrHistogram/2.1.12/HdrHistogram-2.1.12.jar:/home/tiziano/.m2/repository/org/latencyutils/LatencyUtils/2.0.3/LatencyUtils-2.0.3.jar:/home/tiziano/.m2/repository/io/opentelemetry/opentelemetry-api/1.19.0/opentelemetry-api-1.19.0.jar:/home/tiziano/.m2/repository/io/opentelemetry/opentelemetry-context/1.19.0/opentelemetry-context-1.19.0.jar:/home/tiziano/.m2/repository/io/opentelemetry/opentelemetry-semconv/1.19.0-alpha/opentelemetry-semconv-1.19.0-alpha.jar:/home/tiziano/.m2/repository/org/apache/accumulo/accumulo-start/2.1.0/accumulo-start-2.1.0.jar:/home/tiziano/.m2/repository/org/apache/commons/commons-vfs2/2.9.0/commons-vfs2-2.9.0.jar:/home/tiziano/.m2/repository/org/apache/commons/commons-collections4/4.4/commons-collections4-4.4.jar:/home/tiziano/.m2/repository/org/apache/commons/commons-configuration2/2.8.0/commons-configuration2-2.8.0.jar:/home/tiziano/.m2/repository/org/apache/commons/commons-lang3/3.12.0/commons-lang3-3.12.0.jar:/home/tiziano/.m2/repository/org/apache/commons/commons-math3/3.6.1/commons-math3-3.6.1.jar:/home/tiziano/.m2/repository/org/apache/datasketches/datasketches-java/3.3.0/datasketches-java-3.3.0.jar:/home/tiziano/.m2/repository/org/apache/datasketches/datasketches-memory/2.1.0/datasketches-memory-2.1.0.jar:/home/tiziano/.m2/repository/org/apache/hadoop/hadoop-client-api/3.3.4/hadoop-client-api-3.3.4.jar:/home/tiziano/.m2/repository/org/xerial/snappy/snappy-java/1.1.8.2/snappy-java-1.1.8.2.jar:/home/tiziano/.m2/repository/org/apache/logging/log4j/log4j-1.2-api/2.19.0/log4j-1.2-api-2.19.0.jar:/home/tiziano/.m2/repository/org/apache/logging/log4j/log4j-api/2.19.0/log4j-api-2.19.0.jar:/home/tiziano/.m2/repository/org/apache/thrift/libthrift/0.17.0/libthrift-0.17.0.jar:/home/tiziano/.m2/repository/org/apache/zookeeper/zookeeper/3.8.0/zookeeper-3.8.0.jar:/home/tiziano/.m2/repository/org/apache/yetus/audience-annotations/0.12.0/audience-annotations-0.12.0.jar:/home/tiziano/.m2/repository/io/netty/netty-handler/4.1.73.Final/netty-handler-4.1.73.Final.jar:/home/tiziano/.m2/repository/io/netty/netty-common/4.1.73.Final/netty-common-4.1.73.Final.jar:/home/tiziano/.m2/repository/io/netty/netty-resolver/4.1.73.Final/netty-resolver-4.1.73.Final.jar:/home/tiziano/.m2/repository/io/netty/netty-buffer/4.1.73.Final/netty-buffer-4.1.73.Final.jar:/home/tiziano/.m2/repository/io/netty/netty-transport/4.1.73.Final/netty-transport-4.1.73.Final.jar:/home/tiziano/.m2/repository/io/netty/netty-codec/4.1.73.Final/netty-codec-4.1.73.Final.jar:/home/tiziano/.m2/repository/io/netty/netty-tcnative/2.0.48.Final/netty-tcnative-2.0.48.Final.jar:/home/tiziano/.m2/repository/io/netty/netty-tcnative-classes/2.0.48.Final/netty-tcnative-classes-2.0.48.Final.jar:/home/tiziano/.m2/repository/io/netty/netty-transport-native-epoll/4.1.73.Final/netty-transport-native-epoll-4.1.73.Final.jar:/home/tiziano/.m2/repository/io/netty/netty-transport-native-unix-common/4.1.73.Final/netty-transport-native-unix-common-4.1.73.Final.jar:/home/tiziano/.m2/repository/io/netty/netty-transport-classes-epoll/4.1.73.Final/netty-transport-classes-epoll-4.1.73.Final.jar:/home/tiziano/.m2/repository/ch/qos/logback/logback-core/1.2.10/logback-core-1.2.10.jar:/home/tiziano/.m2/repository/ch/qos/logback/logback-classic/1.2.10/logback-classic-1.2.10.jar:/home/tiziano/.m2/repository/org/apache/zookeeper/zookeeper-jute/3.8.0/zookeeper-jute-3.8.0.jar:/home/tiziano/.m2/repository/org/slf4j/slf4j-api/2.0.3/slf4j-api-2.0.3.jar:/home/tiziano/.m2/repository/org/yaml/snakeyaml/1.33/snakeyaml-1.33.jar:/home/tiziano/.m2/repository/org/apache/hadoop/hadoop-client-runtime/3.3.4/hadoop-client-runtime-3.3.4.jar:/home/tiziano/.m2/repository/com/opencsv/opencsv/5.7.1/opencsv-5.7.1.jar:/home/tiziano/.m2/repository/org/apache/commons/commons-text/1.10.0/commons-text-1.10.0.jar:/home/tiziano/.m2/repository/commons-beanutils/commons-beanutils/1.9.4/commons-beanutils-1.9.4.jar:/home/tiziano/.m2/repository/commons-collections/commons-collections/3.2.2/commons-collections-3.2.2.jar:/home/tiziano/.m2/repository/org/projectlombok/lombok/1.18.24/lombok-1.18.24.jar:"/>
    <property name="sun.cpu.endian" value="little"/>
    <property name="user.home" value="/home/tiziano"/>
    <property name="user.language" value="en"/>
    <property name="java.specification.vendor" value="Oracle Corporation"/>
    <property name="java.version.date" value="2022-08-18"/>
    <property name="java.home" value="/home/tiziano/Environments/jdk-11.0.16.1"/>
    <property name="file.separator" value="/"/>
    <property name="basedir" value="/home/tiziano/Developments/Java/tdm_accumulo"/>
    <property name="java.vm.compressedOopsMode" value="32-bit"/>
    <property name="line.separator" value="&#10;"/>
    <property name="java.specification.name" value="Java Platform API Specification"/>
    <property name="java.vm.specification.vendor" value="Oracle Corporation"/>
    <property name="java.awt.graphicsenv" value="sun.awt.X11GraphicsEnvironment"/>
    <property name="surefire.real.class.path" value="/home/tiziano/Developments/Java/tdm_accumulo/target/surefire/surefirebooter1671283110800967898.jar"/>
    <property name="sun.management.compiler" value="HotSpot 64-Bit Tiered Compilers"/>
    <property name="java.runtime.version" value="11.0.16.1+1-LTS-1"/>
    <property name="user.name" value="tiziano"/>
    <property name="path.separator" value=":"/>
    <property name="os.version" value="5.15.0-58-generic"/>
    <property name="java.runtime.name" value="Java(TM) SE Runtime Environment"/>
    <property name="file.encoding" value="UTF-8"/>
    <property name="java.vm.name" value="Java HotSpot(TM) 64-Bit Server VM"/>
    <property name="java.vendor.version" value="18.9"/>
    <property name="localRepository" value="/home/tiziano/.m2/repository"/>
    <property name="java.vendor.url.bug" value="https://bugreport.java.com/bugreport/"/>
    <property name="java.io.tmpdir" value="/tmp"/>
    <property name="java.version" value="11.0.16.1"/>
    <property name="user.dir" value="/home/tiziano/Developments/Java/tdm_accumulo"/>
    <property name="os.arch" value="amd64"/>
    <property name="java.vm.specification.name" value="Java Virtual Machine Specification"/>
    <property name="java.awt.printerjob" value="sun.print.PSPrinterJob"/>
    <property name="sun.os.patch.level" value="unknown"/>
    <property name="java.library.path" value="/usr/java/packages/lib:/usr/lib64:/lib64:/lib:/usr/lib"/>
    <property name="java.vendor" value="Oracle Corporation"/>
    <property name="java.vm.info" value="mixed mode"/>
    <property name="java.vm.version" value="11.0.16.1+1-LTS-1"/>
    <property name="sun.io.unicode.encoding" value="UnicodeLittle"/>
    <property name="java.class.version" value="55.0"/>
  </properties>
  <testcase name="shouldAnswerWithTrue" classname="tdm.accumulo.AppTest" time="0.002"/>
</testsuite>